Added Component: Designator=BK1(ds18b20 (Temperature))
Added Component: Designator=C1(CAPACITOR)
Added Component: Designator=C2(Polar CAPACITOR)
Added Component: Designator=C3(CAPACITOR)
Added Component: Designator=C4(CAPACITOR)
Added Component: Designator=C5(Polar CAPACITOR)
Added Component: Designator=C6(Polar CAPACITOR)
Added Component: Designator=C7(CAPACITOR)
Added Component: Designator=DA1(78lo5)
Added Component: Designator=DD1(PIC16F84A)
Added Component: Designator=FU1(ВП2Т-1Ш (плавкий предохранитель))
Added Component: Designator=HA1(HC0903A (Пищалка))
Added Component: Designator=HG1(lsd3212-20 (7 segment display))
Added Component: Designator=R1(RES 0805)
Added Component: Designator=R2(RES 0805)
Added Component: Designator=R3(RES 0805)
Added Component: Designator=R4(RES 0805)
Added Component: Designator=R5(RES 0805)
Added Component: Designator=R6(RES 0805)
Added Component: Designator=R7(RES 0805)
Added Component: Designator=R8(RES 0805)
Added Component: Designator=R9(RES 0805)
Added Component: Designator=R10(RES 0805)
Added Component: Designator=R11(RES 0805)
Added Component: Designator=R12(RES 0805)
Added Component: Designator=R13(RES 0805)
Added Component: Designator=R14(RES 0805)
Added Component: Designator=SB1(Button 2 pin)
Added Component: Designator=SB2(Button 2 pin)
Added Component: Designator=VD1(КЦ407А (Диодный мост))
Added Component: Designator=VD3(КД243А)
Added Component: Designator=VT1(КТ315Б)
Added Component: Designator=XP1(Screw Terminal)
Added Component: Designator=Z1(quarz-resonator)
Added Pin To Net: NetName=NetFU1_1 Pin=FU1-1
Added Net: Name=NetFU1_1
Added Pin To Net: NetName=NetFU1_2 Pin=FU1-2
Added Net: Name=NetFU1_2
Added Pin To Net: NetName=NetHA1_2 Pin=HA1-2
Added Pin To Net: NetName=NetHA1_2 Pin=VT1-2
Added Net: Name=NetHA1_2
Added Pin To Net: NetName=NetR4_1 Pin=R4-1
Added Net: Name=NetR4_1
Added Pin To Net: NetName=NetR6_1 Pin=R6-1
Added Net: Name=NetR6_1
