Replace Part BK1 DS18B20 in C:\Users\kolga\OneDrive\Документы\Study\4 sem\Konstruirovanie\RomanK1.SchDoc with DS18B20 from RomanK.SchLib
Replace Part C1 CapacitorBI in C:\Users\kolga\OneDrive\Документы\Study\4 sem\Konstruirovanie\RomanK1.SchDoc with CapacitorBI from RomanK.SchLib
Replace Part C2 CapcatiorPOL in C:\Users\kolga\OneDrive\Документы\Study\4 sem\Konstruirovanie\RomanK1.SchDoc with CapcatiorPOL from RomanK.SchLib
Replace Part C3 CapacitorBI in C:\Users\kolga\OneDrive\Документы\Study\4 sem\Konstruirovanie\RomanK1.SchDoc with CapacitorBI from RomanK.SchLib
Replace Part C4 CapacitorBI in C:\Users\kolga\OneDrive\Документы\Study\4 sem\Konstruirovanie\RomanK1.SchDoc with CapacitorBI from RomanK.SchLib
Replace Part C5 CapcatiorPOL in C:\Users\kolga\OneDrive\Документы\Study\4 sem\Konstruirovanie\RomanK1.SchDoc with CapcatiorPOL from RomanK.SchLib
Replace Part C6 CapcatiorPOL in C:\Users\kolga\OneDrive\Документы\Study\4 sem\Konstruirovanie\RomanK1.SchDoc with CapcatiorPOL from RomanK.SchLib
Replace Part C7 CapacitorBI in C:\Users\kolga\OneDrive\Документы\Study\4 sem\Konstruirovanie\RomanK1.SchDoc with CapacitorBI from RomanK.SchLib
Replace Part DA1 78L05 in C:\Users\kolga\OneDrive\Документы\Study\4 sem\Konstruirovanie\RomanK1.SchDoc with 78L05 from RomanK.SchLib
Replace Part DD1 PIC16F84A in C:\Users\kolga\OneDrive\Документы\Study\4 sem\Konstruirovanie\RomanK1.SchDoc with PIC16F84A from RomanK.SchLib
Replace Part HA1 HC0903A in C:\Users\kolga\OneDrive\Документы\Study\4 sem\Konstruirovanie\RomanK1.SchDoc with HC0903A from RomanK.SchLib
Replace Part HG1 LSD3212-20 in C:\Users\kolga\OneDrive\Документы\Study\4 sem\Konstruirovanie\RomanK1.SchDoc with LSD3212-20 from RomanK.SchLib
Replace Part R1 resistor in C:\Users\kolga\OneDrive\Документы\Study\4 sem\Konstruirovanie\RomanK1.SchDoc with resistor from RomanK.SchLib
Replace Part R2 resistor in C:\Users\kolga\OneDrive\Документы\Study\4 sem\Konstruirovanie\RomanK1.SchDoc with resistor from RomanK.SchLib
Replace Part R3 resistor in C:\Users\kolga\OneDrive\Документы\Study\4 sem\Konstruirovanie\RomanK1.SchDoc with resistor from RomanK.SchLib
Replace Part R4 resistor in C:\Users\kolga\OneDrive\Документы\Study\4 sem\Konstruirovanie\RomanK1.SchDoc with resistor from RomanK.SchLib
Replace Part R5 resistor in C:\Users\kolga\OneDrive\Документы\Study\4 sem\Konstruirovanie\RomanK1.SchDoc with resistor from RomanK.SchLib
Replace Part R6 resistor in C:\Users\kolga\OneDrive\Документы\Study\4 sem\Konstruirovanie\RomanK1.SchDoc with resistor from RomanK.SchLib
Replace Part R7 resistor in C:\Users\kolga\OneDrive\Документы\Study\4 sem\Konstruirovanie\RomanK1.SchDoc with resistor from RomanK.SchLib
Replace Part R8 resistor in C:\Users\kolga\OneDrive\Документы\Study\4 sem\Konstruirovanie\RomanK1.SchDoc with resistor from RomanK.SchLib
Replace Part R9 resistor in C:\Users\kolga\OneDrive\Документы\Study\4 sem\Konstruirovanie\RomanK1.SchDoc with resistor from RomanK.SchLib
Replace Part R10 resistor in C:\Users\kolga\OneDrive\Документы\Study\4 sem\Konstruirovanie\RomanK1.SchDoc with resistor from RomanK.SchLib
Replace Part R11 resistor in C:\Users\kolga\OneDrive\Документы\Study\4 sem\Konstruirovanie\RomanK1.SchDoc with resistor from RomanK.SchLib
Replace Part R12 resistor in C:\Users\kolga\OneDrive\Документы\Study\4 sem\Konstruirovanie\RomanK1.SchDoc with resistor from RomanK.SchLib
Replace Part R13 resistor in C:\Users\kolga\OneDrive\Документы\Study\4 sem\Konstruirovanie\RomanK1.SchDoc with resistor from RomanK.SchLib
Replace Part R14 resistor in C:\Users\kolga\OneDrive\Документы\Study\4 sem\Konstruirovanie\RomanK1.SchDoc with resistor from RomanK.SchLib
Replace Part R15 resistor in C:\Users\kolga\OneDrive\Документы\Study\4 sem\Konstruirovanie\RomanK1.SchDoc with resistor from RomanK.SchLib
Replace Part SB1 Button in C:\Users\kolga\OneDrive\Документы\Study\4 sem\Konstruirovanie\RomanK1.SchDoc with Button from RomanK.SchLib
Replace Part SB2 Button in C:\Users\kolga\OneDrive\Документы\Study\4 sem\Konstruirovanie\RomanK1.SchDoc with Button from RomanK.SchLib
Replace Part VD1 diode bridge in C:\Users\kolga\OneDrive\Документы\Study\4 sem\Konstruirovanie\RomanK1.SchDoc with diode bridge from RomanK.SchLib
Replace Part VD2 Stabilitron in C:\Users\kolga\OneDrive\Документы\Study\4 sem\Konstruirovanie\RomanK1.SchDoc with Stabilitron from RomanK.SchLib
Replace Part VD3 Diod in C:\Users\kolga\OneDrive\Документы\Study\4 sem\Konstruirovanie\RomanK1.SchDoc with Diod from RomanK.SchLib
Replace Part VT1 transistor in C:\Users\kolga\OneDrive\Документы\Study\4 sem\Konstruirovanie\RomanK1.SchDoc with transistor from RomanK.SchLib
Replace Part XP1 Power in C:\Users\kolga\OneDrive\Документы\Study\4 sem\Konstruirovanie\RomanK1.SchDoc with Power from RomanK.SchLib
Replace Part Z1 kwarz in C:\Users\kolga\OneDrive\Документы\Study\4 sem\Konstruirovanie\RomanK1.SchDoc with kwarz from RomanK.SchLib
